Started GET "/" for 127.0.0.1 at 2018-10-06 00:16:35 -0400
Processing by Rails::WelcomeController#index as HTML
  Rendering /var/lib/gems/2.5.0/gems/railties-5.2.1/lib/rails/templates/rails/welcome/index.html.erb
  Rendered /var/lib/gems/2.5.0/gems/railties-5.2.1/lib/rails/templates/rails/welcome/index.html.erb (9.0ms)
Completed 200 OK in 69ms (Views: 29.5ms | ActiveRecord: 0.0ms)


  [1m[35m (0.0ms)[0m  [1m[34mSELECT sqlite_version(*)[0m
  ↳ /usr/lib/ruby/vendor_ruby/rake/task.rb:271
  [1m[35m (19.7ms)[0m  [1m[35mCREATE TABLE "schema_migrations" ("version" varchar NOT NULL PRIMARY KEY)[0m
  ↳ /usr/lib/ruby/vendor_ruby/rake/task.rb:271
  [1m[35m (16.3ms)[0m  [1m[35mCREATE TABLE "ar_internal_metadata" ("key" varchar NOT NULL PRIMARY KEY, "value" varchar, "created_at" datetime NOT NULL, "updated_at" datetime NOT NULL)[0m
  ↳ /usr/lib/ruby/vendor_ruby/rake/task.rb:271
  [1m[35m (0.5ms)[0m  [1m[34mSELECT "schema_migrations"."version" FROM "schema_migrations" ORDER BY "schema_migrations"."version" ASC[0m
  ↳ /usr/lib/ruby/vendor_ruby/rake/task.rb:271
Migrating to CreateLuces (20181006042600)
  [1m[35m (0.5ms)[0m  [1m[36mbegin transaction[0m
  ↳ /usr/lib/ruby/vendor_ruby/rake/task.rb:271
  [1m[35m (4.9ms)[0m  [1m[35mCREATE TABLE "luces" ("id" integer PRIMARY KEY AUTOINCREMENT NOT NULL, "perim" integer, "inter" integer, "park" integer, "par_r" integer, "par_g" integer, "par_b" integer, "created_at" datetime NOT NULL, "updated_at" datetime NOT NULL)[0m
  ↳ db/migrate/20181006042600_create_luces.rb:3
  [1m[36mActiveRecord::SchemaMigration Create (0.5ms)[0m  [1m[32mINSERT INTO "schema_migrations" ("version") VALUES (?)[0m  [["version", "20181006042600"]]
  ↳ /usr/lib/ruby/vendor_ruby/rake/task.rb:271
  [1m[35m (9.9ms)[0m  [1m[36mcommit transaction[0m
  ↳ /usr/lib/ruby/vendor_ruby/rake/task.rb:271
  [1m[36mActiveRecord::InternalMetadata Load (1.1ms)[0m  [1m[34mSELECT  "ar_internal_metadata".* FROM "ar_internal_metadata" WHERE "ar_internal_metadata"."key" = ? LIMIT ?[0m  [["key", "environment"], ["LIMIT", 1]]
  ↳ /usr/lib/ruby/vendor_ruby/rake/task.rb:271
  [1m[35m (0.5ms)[0m  [1m[36mbegin transaction[0m
  ↳ /usr/lib/ruby/vendor_ruby/rake/task.rb:271
  [1m[36mActiveRecord::InternalMetadata Create (1.2ms)[0m  [1m[32mINSERT INTO "ar_internal_metadata" ("key", "value", "created_at", "updated_at") VALUES (?, ?, ?, ?)[0m  [["key", "environment"], ["value", "development"], ["created_at", "2018-10-06 04:31:46.240338"], ["updated_at", "2018-10-06 04:31:46.240338"]]
  ↳ /usr/lib/ruby/vendor_ruby/rake/task.rb:271
  [1m[35m (8.0ms)[0m  [1m[36mcommit transaction[0m
  ↳ /usr/lib/ruby/vendor_ruby/rake/task.rb:271
  [1m[35m (0.4ms)[0m  [1m[34mSELECT "schema_migrations"."version" FROM "schema_migrations" ORDER BY "schema_migrations"."version" ASC[0m
  ↳ /usr/lib/ruby/vendor_ruby/rake/task.rb:271
Started GET "/luces/index" for 127.0.0.1 at 2018-10-06 00:38:27 -0400
  [1m[35m (0.7ms)[0m  [1m[34mSELECT "schema_migrations"."version" FROM "schema_migrations" ORDER BY "schema_migrations"."version" ASC[0m
  ↳ /var/lib/gems/2.5.0/gems/activerecord-5.2.1/lib/active_record/log_subscriber.rb:98
Processing by LucesController#index as HTML
  Rendering luces/index.html.erb within layouts/application
  Rendered luces/index.html.erb within layouts/application (1.7ms)
Completed 200 OK in 19800ms (Views: 19779.5ms | ActiveRecord: 0.0ms)


Started GET "/luces/index" for 127.0.0.1 at 2018-10-06 00:47:28 -0400
Processing by LucesController#index as HTML
  Rendering luces/index.html.erb within layouts/application
  Rendered luces/index.html.erb within layouts/application (0.8ms)
Completed 200 OK in 179ms (Views: 174.8ms | ActiveRecord: 0.0ms)


Started GET "/luces/index" for 127.0.0.1 at 2018-10-06 00:51:57 -0400
Processing by LucesController#index as HTML
  Rendering luces/index.html.erb within layouts/application
  Rendered luces/index.html.erb within layouts/application (0.8ms)
Completed 200 OK in 160ms (Views: 156.7ms | ActiveRecord: 0.0ms)


Started GET "/luces/index" for 127.0.0.1 at 2018-10-06 00:52:09 -0400
Processing by LucesController#index as HTML
  Rendering luces/index.html.erb within layouts/application
  Rendered luces/index.html.erb within layouts/application (0.8ms)
Completed 200 OK in 233ms (Views: 228.6ms | ActiveRecord: 0.0ms)


Started GET "/luces/index" for 127.0.0.1 at 2018-10-06 00:52:13 -0400
Processing by LucesController#index as HTML
  Rendering luces/index.html.erb within layouts/application
  Rendered luces/index.html.erb within layouts/application (0.9ms)
Completed 200 OK in 215ms (Views: 210.8ms | ActiveRecord: 0.0ms)


Started GET "/luces/index" for 127.0.0.1 at 2018-10-06 00:55:21 -0400
Processing by LucesController#index as HTML
  Rendering luces/index.html.erb within layouts/application
  Rendered luces/index.html.erb within layouts/application (1.4ms)
Completed 500 Internal Server Error in 7622ms (ActiveRecord: 0.0ms)


  
ActionView::Template::Error (Invalid CSS after "	color: ": expected expression (e.g. 1px, bold), was "@gray;"):
     5:     <%= csrf_meta_tags %>
     6:     <%= csp_meta_tag %>
     7: 
     8:     <%= stylesheet_link_tag    'application', media: 'all', 'data-turbolinks-track': 'reload' %>
     9:     <%= javascript_include_tag 'application', 'data-turbolinks-track': 'reload' %>
    10:   </head>
    11: 
  
app/assets/stylesheets/luces.scss:24
app/views/layouts/application.html.erb:8:in `_app_views_layouts_application_html_erb__4165133658406283036_69881090668800'
Started GET "/luces/index" for 127.0.0.1 at 2018-10-06 00:56:58 -0400
  [1m[35m (0.1ms)[0m  [1m[34mSELECT "schema_migrations"."version" FROM "schema_migrations" ORDER BY "schema_migrations"."version" ASC[0m
  ↳ /var/lib/gems/2.5.0/gems/activerecord-5.2.1/lib/active_record/log_subscriber.rb:98
Processing by LucesController#index as HTML
  Rendering luces/index.html.erb within layouts/application
  Rendered luces/index.html.erb within layouts/application (1.1ms)
Completed 500 Internal Server Error in 708ms (ActiveRecord: 0.0ms)


  
ActionView::Template::Error (Invalid CSS after "	color: ": expected expression (e.g. 1px, bold), was "@gray;"):
     5:     <%= csrf_meta_tags %>
     6:     <%= csp_meta_tag %>
     7: 
     8:     <%= stylesheet_link_tag    'application', media: 'all', 'data-turbolinks-track': 'reload' %>
     9:     <%= javascript_include_tag 'application', 'data-turbolinks-track': 'reload' %>
    10:   </head>
    11: 
  
app/assets/stylesheets/luces.scss:24
app/views/layouts/application.html.erb:8:in `_app_views_layouts_application_html_erb___1741056459533141430_69918818659440'
Started GET "/luces/index" for 127.0.0.1 at 2018-10-06 00:57:16 -0400
Processing by LucesController#index as HTML
  Rendering luces/index.html.erb within layouts/application
  Rendered luces/index.html.erb within layouts/application (1.3ms)
Completed 200 OK in 368ms (Views: 363.7ms | ActiveRecord: 0.0ms)


Started GET "/luces/index" for 127.0.0.1 at 2018-10-06 01:22:51 -0400
Processing by LucesController#index as HTML
  Rendering luces/index.html.erb within layouts/application
  Rendered luces/index.html.erb within layouts/application (1.4ms)
Completed 200 OK in 15580ms (Views: 15575.2ms | ActiveRecord: 0.0ms)


Started GET "/" for 127.0.0.1 at 2018-10-06 13:49:28 -0400
  [1m[35m (0.5ms)[0m  [1m[34mSELECT "schema_migrations"."version" FROM "schema_migrations" ORDER BY "schema_migrations"."version" ASC[0m
  ↳ /var/lib/gems/2.5.0/gems/activerecord-5.2.1/lib/active_record/log_subscriber.rb:98
Processing by Rails::WelcomeController#index as HTML
  Rendering /var/lib/gems/2.5.0/gems/railties-5.2.1/lib/rails/templates/rails/welcome/index.html.erb
  Rendered /var/lib/gems/2.5.0/gems/railties-5.2.1/lib/rails/templates/rails/welcome/index.html.erb (10.5ms)
Completed 200 OK in 55ms (Views: 23.6ms | ActiveRecord: 0.0ms)


Started GET "/luces/index" for 127.0.0.1 at 2018-10-06 13:49:34 -0400
Processing by LucesController#index as HTML
  Rendering luces/index.html.erb within layouts/application
  Rendered luces/index.html.erb within layouts/application (0.5ms)
Completed 200 OK in 18586ms (Views: 18582.2ms | ActiveRecord: 0.0ms)


Started GET "/luces/index" for 127.0.0.1 at 2018-10-06 14:03:26 -0400
Processing by LucesController#index as HTML
  Rendering luces/index.html.erb within layouts/application
  Rendered luces/index.html.erb within layouts/application (0.9ms)
Completed 200 OK in 282ms (Views: 278.6ms | ActiveRecord: 0.0ms)


Started GET "/luces/index" for 127.0.0.1 at 2018-10-06 14:04:39 -0400
Processing by LucesController#index as HTML
  Rendering luces/index.html.erb within layouts/application
  Rendered luces/index.html.erb within layouts/application (1.5ms)
Completed 200 OK in 282ms (Views: 276.7ms | ActiveRecord: 0.0ms)


Started GET "/luces/index" for 127.0.0.1 at 2018-10-06 14:05:44 -0400
Processing by LucesController#index as HTML
  Rendering luces/index.html.erb within layouts/application
  Rendered luces/index.html.erb within layouts/application (1.9ms)
Completed 200 OK in 239ms (Views: 234.0ms | ActiveRecord: 0.0ms)


Started GET "/luces/index" for 127.0.0.1 at 2018-10-06 14:07:03 -0400
Processing by LucesController#index as HTML
  Rendering luces/index.html.erb within layouts/application
  Rendered luces/index.html.erb within layouts/application (1.7ms)
Completed 200 OK in 239ms (Views: 235.5ms | ActiveRecord: 0.0ms)


Started GET "/luces/index" for 127.0.0.1 at 2018-10-06 14:09:05 -0400
Processing by LucesController#index as HTML
  Rendering luces/index.html.erb within layouts/application
  Rendered luces/index.html.erb within layouts/application (2.1ms)
Completed 200 OK in 200ms (Views: 196.7ms | ActiveRecord: 0.0ms)


Started GET "/luces/index" for 127.0.0.1 at 2018-10-06 14:10:14 -0400
Processing by LucesController#index as HTML
  Rendering luces/index.html.erb within layouts/application
  Rendered luces/index.html.erb within layouts/application (1.4ms)
Completed 200 OK in 219ms (Views: 211.7ms | ActiveRecord: 0.0ms)


Started GET "/luces/index" for 127.0.0.1 at 2018-10-06 14:10:59 -0400
Processing by LucesController#index as HTML
  Rendering luces/index.html.erb within layouts/application
  Rendered luces/index.html.erb within layouts/application (1.1ms)
Completed 200 OK in 222ms (Views: 218.5ms | ActiveRecord: 0.0ms)


Started GET "/luces/index" for 127.0.0.1 at 2018-10-06 14:12:16 -0400
Processing by LucesController#index as HTML
  Rendering luces/index.html.erb within layouts/application
  Rendered luces/index.html.erb within layouts/application (0.7ms)
Completed 200 OK in 276ms (Views: 272.3ms | ActiveRecord: 0.0ms)


Started GET "/luces/index" for 127.0.0.1 at 2018-10-06 14:13:14 -0400
Processing by LucesController#index as HTML
  Rendering luces/index.html.erb within layouts/application
  Rendered luces/index.html.erb within layouts/application (1.2ms)
Completed 200 OK in 199ms (Views: 194.6ms | ActiveRecord: 0.0ms)


Started GET "/luces/index" for 127.0.0.1 at 2018-10-06 14:13:17 -0400
Processing by LucesController#index as HTML
  Rendering luces/index.html.erb within layouts/application
  Rendered luces/index.html.erb within layouts/application (1.4ms)
Completed 200 OK in 215ms (Views: 211.9ms | ActiveRecord: 0.0ms)


Started GET "/luces/index" for 127.0.0.1 at 2018-10-06 14:47:50 -0400
Processing by LucesController#index as HTML
  Rendering luces/index.html.erb within layouts/application
  Rendered luces/index.html.erb within layouts/application (2.3ms)
Completed 200 OK in 8082ms (Views: 8076.1ms | ActiveRecord: 0.0ms)


Started GET "/luces/index" for 127.0.0.1 at 2018-10-06 14:49:36 -0400
Processing by LucesController#index as HTML
  Rendering luces/index.html.erb within layouts/application
  Rendered luces/index.html.erb within layouts/application (1.3ms)
Completed 200 OK in 522ms (Views: 517.3ms | ActiveRecord: 0.0ms)


Started GET "/luces/index" for 127.0.0.1 at 2018-10-06 14:50:31 -0400
Processing by LucesController#index as HTML
  Rendering luces/index.html.erb within layouts/application
  Rendered luces/index.html.erb within layouts/application (1.2ms)
Completed 200 OK in 399ms (Views: 395.2ms | ActiveRecord: 0.0ms)


Started GET "/luces/index" for 127.0.0.1 at 2018-10-06 14:52:57 -0400
Processing by LucesController#index as HTML
  Rendering luces/index.html.erb within layouts/application
  Rendered luces/index.html.erb within layouts/application (1.2ms)
Completed 200 OK in 440ms (Views: 435.6ms | ActiveRecord: 0.0ms)


Started GET "/luces/index" for 127.0.0.1 at 2018-10-06 14:53:38 -0400
Processing by LucesController#index as HTML
  Rendering luces/index.html.erb within layouts/application
  Rendered luces/index.html.erb within layouts/application (2.8ms)
Completed 200 OK in 348ms (Views: 345.3ms | ActiveRecord: 0.0ms)


Started GET "/luces/index" for 127.0.0.1 at 2018-10-06 14:54:37 -0400
Processing by LucesController#index as HTML
  Rendering luces/index.html.erb within layouts/application
  Rendered luces/index.html.erb within layouts/application (1.6ms)
Completed 200 OK in 448ms (Views: 444.0ms | ActiveRecord: 0.0ms)


Started GET "/luces/index" for 127.0.0.1 at 2018-10-06 15:00:08 -0400
Processing by LucesController#index as HTML
  Rendering luces/index.html.erb within layouts/application
  Rendered luces/index.html.erb within layouts/application (1.9ms)
Completed 200 OK in 484ms (Views: 476.3ms | ActiveRecord: 0.0ms)


Started GET "/luces/index" for 127.0.0.1 at 2018-10-06 15:02:00 -0400
Processing by LucesController#index as HTML
  Rendering luces/index.html.erb within layouts/application
  Rendered luces/index.html.erb within layouts/application (1.9ms)
Completed 200 OK in 470ms (Views: 463.5ms | ActiveRecord: 0.0ms)


Started GET "/luces/index" for 127.0.0.1 at 2018-10-06 15:02:37 -0400
Processing by LucesController#index as HTML
  Rendering luces/index.html.erb within layouts/application
  Rendered luces/index.html.erb within layouts/application (1.2ms)
Completed 200 OK in 429ms (Views: 425.7ms | ActiveRecord: 0.0ms)


Started GET "/" for 127.0.0.1 at 2018-10-08 21:07:05 -0300
  [1m[35m (1.0ms)[0m  [1m[34mSELECT "schema_migrations"."version" FROM "schema_migrations" ORDER BY "schema_migrations"."version" ASC[0m
  ↳ /var/lib/gems/2.5.0/gems/activerecord-5.2.1/lib/active_record/log_subscriber.rb:98
Processing by Rails::WelcomeController#index as HTML
  Rendering /var/lib/gems/2.5.0/gems/railties-5.2.1/lib/rails/templates/rails/welcome/index.html.erb
  Rendered /var/lib/gems/2.5.0/gems/railties-5.2.1/lib/rails/templates/rails/welcome/index.html.erb (16.0ms)
Completed 200 OK in 66ms (Views: 31.4ms | ActiveRecord: 0.0ms)


Started GET "/luces/index" for 127.0.0.1 at 2018-10-08 21:07:30 -0300
Processing by LucesController#index as HTML
  Rendering luces/index.html.erb within layouts/application
  Rendered luces/index.html.erb within layouts/application (0.9ms)
Completed 200 OK in 1960ms (Views: 1953.6ms | ActiveRecord: 0.0ms)


Started GET "/luces/status" for 127.0.0.1 at 2018-10-11 18:42:12 -0300
  [1m[35m (1.5ms)[0m  [1m[34mSELECT "schema_migrations"."version" FROM "schema_migrations" ORDER BY "schema_migrations"."version" ASC[0m
  ↳ /var/lib/gems/2.5.0/gems/activerecord-5.2.1/lib/active_record/log_subscriber.rb:98
Processing by LucesController#status as HTML
  [1m[36mLuce Load (1.2ms)[0m  [1m[34mSELECT  "luces".* FROM "luces" ORDER BY "luces"."id" ASC LIMIT ?[0m  [["LIMIT", 1]]
  ↳ app/controllers/luces_controller.rb:5
Completed 406 Not Acceptable in 171ms (ActiveRecord: 5.2ms)


  
ActionController::UnknownFormat (LucesController#status is missing a template for this request format and variant.

request.formats: ["text/html"]
request.variant: []

NOTE! For XHR/Ajax or API requests, this action would normally respond with 204 No Content: an empty white screen. Since you're loading it in a web browser, we assume that you expected to actually render a template, not nothing, so we're showing an error to be extra-clear. If you expect 204 No Content, carry on. That's what you'll get from an XHR or API request. Give it a shot.):
  
actionpack (5.2.1) lib/action_controller/metal/implicit_render.rb:55:in `default_render'
actionpack (5.2.1) lib/action_controller/metal/basic_implicit_render.rb:6:in `block in send_action'
actionpack (5.2.1) lib/action_controller/metal/basic_implicit_render.rb:6:in `tap'
actionpack (5.2.1) lib/action_controller/metal/basic_implicit_render.rb:6:in `send_action'
actionpack (5.2.1) lib/abstract_controller/base.rb:194:in `process_action'
actionpack (5.2.1) lib/action_controller/metal/rendering.rb:30:in `process_action'
actionpack (5.2.1) lib/abstract_controller/callbacks.rb:42:in `block in process_action'
activesupport (5.2.1) lib/active_support/callbacks.rb:132:in `run_callbacks'
actionpack (5.2.1) lib/abstract_controller/callbacks.rb:41:in `process_action'
actionpack (5.2.1) lib/action_controller/metal/rescue.rb:22:in `process_action'
actionpack (5.2.1) lib/action_controller/metal/instrumentation.rb:34:in `block in process_action'
activesupport (5.2.1) lib/active_support/notifications.rb:168:in `block in instrument'
activesupport (5.2.1) lib/active_support/notifications/instrumenter.rb:23:in `instrument'
activesupport (5.2.1) lib/active_support/notifications.rb:168:in `instrument'
actionpack (5.2.1) lib/action_controller/metal/instrumentation.rb:32:in `process_action'
actionpack (5.2.1) lib/action_controller/metal/params_wrapper.rb:256:in `process_action'
activerecord (5.2.1) lib/active_record/railties/controller_runtime.rb:24:in `process_action'
actionpack (5.2.1) lib/abstract_controller/base.rb:134:in `process'
actionview (5.2.1) lib/action_view/rendering.rb:32:in `process'
actionpack (5.2.1) lib/action_controller/metal.rb:191:in `dispatch'
actionpack (5.2.1) lib/action_controller/metal.rb:252:in `dispatch'
actionpack (5.2.1) lib/action_dispatch/routing/route_set.rb:52:in `dispatch'
actionpack (5.2.1) lib/action_dispatch/routing/route_set.rb:34:in `serve'
actionpack (5.2.1) lib/action_dispatch/journey/router.rb:52:in `block in serve'
actionpack (5.2.1) lib/action_dispatch/journey/router.rb:35:in `each'
actionpack (5.2.1) lib/action_dispatch/journey/router.rb:35:in `serve'
actionpack (5.2.1) lib/action_dispatch/routing/route_set.rb:840:in `call'
rack (2.0.5) lib/rack/tempfile_reaper.rb:15:in `call'
rack (2.0.5) lib/rack/etag.rb:25:in `call'
rack (2.0.5) lib/rack/conditional_get.rb:25:in `call'
rack (2.0.5) lib/rack/head.rb:12:in `call'
actionpack (5.2.1) lib/action_dispatch/http/content_security_policy.rb:18:in `call'
rack (2.0.5) lib/rack/session/abstract/id.rb:232:in `context'
rack (2.0.5) lib/rack/session/abstract/id.rb:226:in `call'
actionpack (5.2.1) lib/action_dispatch/middleware/cookies.rb:670:in `call'
activerecord (5.2.1) lib/active_record/migration.rb:559:in `call'
actionpack (5.2.1) lib/action_dispatch/middleware/callbacks.rb:28:in `block in call'
activesupport (5.2.1) lib/active_support/callbacks.rb:98:in `run_callbacks'
actionpack (5.2.1) lib/action_dispatch/middleware/callbacks.rb:26:in `call'
actionpack (5.2.1) lib/action_dispatch/middleware/executor.rb:14:in `call'
actionpack (5.2.1) lib/action_dispatch/middleware/debug_exceptions.rb:61:in `call'
web-console (3.7.0) lib/web_console/middleware.rb:135:in `call_app'
web-console (3.7.0) lib/web_console/middleware.rb:30:in `block in call'
web-console (3.7.0) lib/web_console/middleware.rb:20:in `catch'
web-console (3.7.0) lib/web_console/middleware.rb:20:in `call'
actionpack (5.2.1) lib/action_dispatch/middleware/show_exceptions.rb:33:in `call'
railties (5.2.1) lib/rails/rack/logger.rb:38:in `call_app'
railties (5.2.1) lib/rails/rack/logger.rb:26:in `block in call'
activesupport (5.2.1) lib/active_support/tagged_logging.rb:71:in `block in tagged'
activesupport (5.2.1) lib/active_support/tagged_logging.rb:28:in `tagged'
activesupport (5.2.1) lib/active_support/tagged_logging.rb:71:in `tagged'
railties (5.2.1) lib/rails/rack/logger.rb:26:in `call'
sprockets-rails (3.2.1) lib/sprockets/rails/quiet_assets.rb:13:in `call'
actionpack (5.2.1) lib/action_dispatch/middleware/remote_ip.rb:81:in `call'
actionpack (5.2.1) lib/action_dispatch/middleware/request_id.rb:27:in `call'
rack (2.0.5) lib/rack/method_override.rb:22:in `call'
rack (2.0.5) lib/rack/runtime.rb:22:in `call'
activesupport (5.2.1) lib/active_support/cache/strategy/local_cache_middleware.rb:29:in `call'
actionpack (5.2.1) lib/action_dispatch/middleware/executor.rb:14:in `call'
actionpack (5.2.1) lib/action_dispatch/middleware/static.rb:127:in `call'
rack (2.0.5) lib/rack/sendfile.rb:111:in `call'
railties (5.2.1) lib/rails/engine.rb:524:in `call'
puma (3.12.0) lib/puma/configuration.rb:225:in `call'
puma (3.12.0) lib/puma/server.rb:658:in `handle_request'
puma (3.12.0) lib/puma/server.rb:472:in `process_client'
puma (3.12.0) lib/puma/server.rb:332:in `block in run'
puma (3.12.0) lib/puma/thread_pool.rb:133:in `block in spawn_thread'
Started GET "/luces/status" for 127.0.0.1 at 2018-10-11 18:46:10 -0300
Processing by LucesController#status as HTML
  [1m[36mLuce Load (0.4ms)[0m  [1m[34mSELECT  "luces".* FROM "luces" ORDER BY "luces"."id" ASC LIMIT ?[0m  [["LIMIT", 1]]
  ↳ app/controllers/luces_controller.rb:5
Completed 200 OK in 65ms (Views: 1.5ms | ActiveRecord: 5.1ms)


Started GET "/luces/status" for 127.0.0.1 at 2018-10-11 18:47:38 -0300
Processing by LucesController#status as HTML
  [1m[36mLuce Load (0.7ms)[0m  [1m[34mSELECT  "luces".* FROM "luces" ORDER BY "luces"."id" ASC LIMIT ?[0m  [["LIMIT", 1]]
  ↳ app/controllers/luces_controller.rb:5
Completed 200 OK in 77ms (Views: 1.6ms | ActiveRecord: 5.0ms)


Started GET "/luces/index" for 127.0.0.1 at 2018-10-11 18:49:28 -0300
Processing by LucesController#index as HTML
  Rendering luces/index.html.erb within layouts/application
  Rendered luces/index.html.erb within layouts/application (1.3ms)
Completed 200 OK in 1359ms (Views: 1353.8ms | ActiveRecord: 0.0ms)


Started GET "/luces/index" for 127.0.0.1 at 2018-10-11 18:53:52 -0300
Processing by LucesController#index as HTML
  Rendering luces/index.html.erb within layouts/application
  Rendered luces/index.html.erb within layouts/application (0.7ms)
Completed 200 OK in 472ms (Views: 462.8ms | ActiveRecord: 0.0ms)


Started GET "/luces/index" for 127.0.0.1 at 2018-10-11 19:35:39 -0300
Processing by LucesController#index as HTML
  Rendering luces/index.html.erb within layouts/application
  Rendered luces/index.html.erb within layouts/application (1.1ms)
Completed 200 OK in 266ms (Views: 262.4ms | ActiveRecord: 0.0ms)


Started GET "/luces/index" for 127.0.0.1 at 2018-10-11 19:35:50 -0300
Processing by LucesController#index as HTML
  Rendering luces/index.html.erb within layouts/application
  Rendered luces/index.html.erb within layouts/application (0.8ms)
Completed 200 OK in 282ms (Views: 278.9ms | ActiveRecord: 0.0ms)


Started GET "/luces/index" for 127.0.0.1 at 2018-10-11 19:36:50 -0300
Processing by LucesController#index as HTML
  Rendering luces/index.html.erb within layouts/application
  Rendered luces/index.html.erb within layouts/application (4.0ms)
Completed 200 OK in 214ms (Views: 212.0ms | ActiveRecord: 0.0ms)


Started GET "/luces/index" for 127.0.0.1 at 2018-10-11 19:47:55 -0300
Processing by LucesController#index as HTML
  Rendering luces/index.html.erb within layouts/application
  Rendered luces/index.html.erb within layouts/application (1.5ms)
Completed 200 OK in 409ms (Views: 404.9ms | ActiveRecord: 0.0ms)


Started GET "/luces/index" for 127.0.0.1 at 2018-10-11 19:48:27 -0300
Processing by LucesController#index as HTML
  Rendering luces/index.html.erb within layouts/application
  Rendered luces/index.html.erb within layouts/application (1.4ms)
Completed 200 OK in 398ms (Views: 392.7ms | ActiveRecord: 0.0ms)


Started GET "/luces/index" for 127.0.0.1 at 2018-10-11 19:50:42 -0300
Processing by LucesController#index as HTML
  Rendering luces/index.html.erb within layouts/application
  Rendered luces/index.html.erb within layouts/application (1.0ms)
Completed 200 OK in 239ms (Views: 235.8ms | ActiveRecord: 0.0ms)


Started GET "/luces/index" for 127.0.0.1 at 2018-10-11 19:51:39 -0300
Processing by LucesController#index as HTML
  Rendering luces/index.html.erb within layouts/application
  Rendered luces/index.html.erb within layouts/application (1.5ms)
Completed 200 OK in 203ms (Views: 199.6ms | ActiveRecord: 0.0ms)


Started GET "/" for 127.0.0.1 at 2018-10-13 10:46:14 -0300
  [1m[35m (0.5ms)[0m  [1m[34mSELECT "schema_migrations"."version" FROM "schema_migrations" ORDER BY "schema_migrations"."version" ASC[0m
  ↳ /var/lib/gems/2.5.0/gems/activerecord-5.2.1/lib/active_record/log_subscriber.rb:98
Processing by Rails::WelcomeController#index as HTML
  Rendering /var/lib/gems/2.5.0/gems/railties-5.2.1/lib/rails/templates/rails/welcome/index.html.erb
  Rendered /var/lib/gems/2.5.0/gems/railties-5.2.1/lib/rails/templates/rails/welcome/index.html.erb (11.9ms)
Completed 200 OK in 62ms (Views: 33.7ms | ActiveRecord: 0.0ms)


Started GET "/" for 127.0.0.1 at 2018-10-13 10:48:31 -0300
  [1m[35m (0.5ms)[0m  [1m[34mSELECT "schema_migrations"."version" FROM "schema_migrations" ORDER BY "schema_migrations"."version" ASC[0m
  ↳ /var/lib/gems/2.5.0/gems/activerecord-5.2.1/lib/active_record/log_subscriber.rb:98
Processing by LucesController#index as HTML
  Rendering luces/index.html.erb within layouts/application
  Rendered luces/index.html.erb within layouts/application (2.5ms)
Completed 200 OK in 1206ms (Views: 1189.0ms | ActiveRecord: 0.0ms)


Started GET "/" for 127.0.0.1 at 2018-10-13 10:55:57 -0300
Processing by LucesController#index as HTML
  Rendering luces/index.html.erb within layouts/application
  Rendered luces/index.html.erb within layouts/application (3.9ms)
Completed 200 OK in 283ms (Views: 279.6ms | ActiveRecord: 0.0ms)


Started GET "/" for 127.0.0.1 at 2018-10-13 11:13:29 -0300
Processing by LucesController#index as HTML
  Rendering luces/index.html.erb within layouts/application
  Rendered luces/index.html.erb within layouts/application (9.6ms)
Completed 200 OK in 15217ms (Views: 15211.9ms | ActiveRecord: 0.0ms)


Started GET "/" for 127.0.0.1 at 2018-10-13 11:19:25 -0300
Processing by LucesController#index as HTML
  Rendering luces/index.html.erb within layouts/application
  Rendered luces/index.html.erb within layouts/application (2.9ms)
Completed 200 OK in 493ms (Views: 489.6ms | ActiveRecord: 0.0ms)


Started GET "/" for 127.0.0.1 at 2018-10-13 11:21:19 -0300
Processing by LucesController#index as HTML
  Rendering luces/index.html.erb within layouts/application
  Rendered luces/index.html.erb within layouts/application (0.9ms)
Completed 200 OK in 582ms (Views: 579.3ms | ActiveRecord: 0.0ms)


Started GET "/" for 127.0.0.1 at 2018-10-13 11:23:55 -0300
Processing by LucesController#index as HTML
  Rendering luces/index.html.erb within layouts/application
  Rendered luces/index.html.erb within layouts/application (4.0ms)
Completed 200 OK in 529ms (Views: 514.4ms | ActiveRecord: 0.0ms)


Started GET "/" for 127.0.0.1 at 2018-10-13 11:24:05 -0300
Processing by LucesController#index as HTML
  Rendering luces/index.html.erb within layouts/application
  Rendered luces/index.html.erb within layouts/application (1.9ms)
Completed 200 OK in 333ms (Views: 328.9ms | ActiveRecord: 0.0ms)


Started GET "/" for 127.0.0.1 at 2018-10-13 11:25:59 -0300
Processing by LucesController#index as HTML
  Rendering luces/index.html.erb within layouts/application
  Rendered luces/index.html.erb within layouts/application (0.4ms)
Completed 200 OK in 535ms (Views: 532.3ms | ActiveRecord: 0.0ms)


Started GET "/" for 127.0.0.1 at 2018-10-13 12:03:00 -0300
  [1m[35m (0.2ms)[0m  [1m[34mSELECT "schema_migrations"."version" FROM "schema_migrations" ORDER BY "schema_migrations"."version" ASC[0m
  ↳ /var/lib/gems/2.5.0/gems/activerecord-5.2.1/lib/active_record/log_subscriber.rb:98
Processing by LucesController#index as HTML
  Rendering luces/index.html.erb within layouts/application
  Rendered luces/index.html.erb within layouts/application (8.5ms)
Completed 200 OK in 18342ms (Views: 18321.1ms | ActiveRecord: 0.0ms)


Started GET "/" for 127.0.0.1 at 2018-10-13 12:04:59 -0300
Processing by LucesController#index as HTML
  Rendering luces/index.html.erb within layouts/application
  Rendered luces/index.html.erb within layouts/application (1.2ms)
Completed 200 OK in 522ms (Views: 515.9ms | ActiveRecord: 0.0ms)


Started GET "/" for 127.0.0.1 at 2018-10-13 12:09:22 -0300
Processing by LucesController#index as HTML
  Rendering luces/index.html.erb within layouts/application
  Rendered luces/index.html.erb within layouts/application (6.5ms)
Completed 200 OK in 474ms (Views: 470.1ms | ActiveRecord: 0.0ms)


Started GET "/" for 127.0.0.1 at 2018-10-13 12:09:52 -0300
Processing by LucesController#index as HTML
  Rendering luces/index.html.erb within layouts/application
  Rendered luces/index.html.erb within layouts/application (0.7ms)
Completed 200 OK in 542ms (Views: 539.4ms | ActiveRecord: 0.0ms)


Started GET "/" for 127.0.0.1 at 2018-10-13 12:11:30 -0300
Processing by LucesController#index as HTML
  Rendering luces/index.html.erb within layouts/application
  Rendered luces/index.html.erb within layouts/application (0.6ms)
Completed 200 OK in 513ms (Views: 500.8ms | ActiveRecord: 0.0ms)


Started GET "/" for 127.0.0.1 at 2018-10-13 12:13:47 -0300
Processing by LucesController#index as HTML
  Rendering luces/index.html.erb within layouts/application
  Rendered luces/index.html.erb within layouts/application (0.9ms)
Completed 200 OK in 446ms (Views: 443.9ms | ActiveRecord: 0.0ms)


  [1m[35m (1.1ms)[0m  [1m[34mSELECT "schema_migrations"."version" FROM "schema_migrations" ORDER BY "schema_migrations"."version" ASC[0m
  ↳ bin/rails:9
  [1m[36mActiveRecord::InternalMetadata Load (1.4ms)[0m  [1m[34mSELECT  "ar_internal_metadata".* FROM "ar_internal_metadata" WHERE "ar_internal_metadata"."key" = ? LIMIT ?[0m  [["key", "environment"], ["LIMIT", 1]]
  ↳ bin/rails:9
  [1m[35m (0.3ms)[0m  [1m[36mbegin transaction[0m
  ↳ bin/rails:9
  [1m[35m (0.3ms)[0m  [1m[36mcommit transaction[0m
  ↳ bin/rails:9
  [1m[35m (0.4ms)[0m  [1m[34mSELECT "schema_migrations"."version" FROM "schema_migrations" ORDER BY "schema_migrations"."version" ASC[0m
  ↳ bin/rails:9
Started GET "/" for 127.0.0.1 at 2018-10-15 00:11:33 -0300
  [1m[35m (1.2ms)[0m  [1m[34mSELECT "schema_migrations"."version" FROM "schema_migrations" ORDER BY "schema_migrations"."version" ASC[0m
  ↳ /home/antoniolopez01/.rvm/gems/ruby-2.5.1/gems/activerecord-5.2.1/lib/active_record/log_subscriber.rb:98
Processing by LucesController#index as HTML
  Rendering luces/index.html.erb within layouts/application
  Rendered luces/index.html.erb within layouts/application (6.1ms)
Completed 200 OK in 64199ms (Views: 64145.7ms | ActiveRecord: 0.0ms)


